<?xml version="1.0" encoding="UTF-8"?>
<testsuites name="TS_Chanel_Connexion" time="22.444" tests="1" failures="1" errors="0">
   <testsuite name="TS_Chanel_Connexion" tests="1" failures="1" errors="0" time="22.444" timestamp="2020-11-11 18:59:28" hostname="pro - mbp-de-pro" id="Test Suites/TS_Chanel_Connexion">
      <properties>
         <property name="deviceName" value=""/>
         <property name="devicePlatform" value=""/>
         <property name="logFolder" value="/Users/pro/Sou/KatalonStudioProjects/TutoKatalon/Reports/20201111_185916/TS_Chanel_Connexion/20201111_185919"/>
         <property name="logFiles" value="/Users/pro/Sou/KatalonStudioProjects/TutoKatalon/Reports/20201111_185916/TS_Chanel_Connexion/20201111_185919/execution0.log"/>
         <property name="attachments" value="/Users/pro/Sou/KatalonStudioProjects/TutoKatalon/Reports/20201111_185916/TS_Chanel_Connexion/20201111_185919/1605117589339.png, /Users/pro/Sou/KatalonStudioProjects/TutoKatalon/Reports/20201111_185916/TS_Chanel_Connexion/20201111_185919/1605117589841.png"/>
         <property name="hostName" value="pro - mbp-de-pro"/>
         <property name="os" value="Mac OS X 64bit"/>
         <property name="katalonVersion" value="7.7.2.205"/>
         <property name="browser" value="Chrome 86.0.4240.193"/>
         <property name="hostAddress" value="192.168.1.37"/>
         <property name="sessionId" value="f4d154ccf460608206a17f66876e3537"/>
         <property name="seleniumVersion" value="3.141.59"/>
         <property name="proxyInformation" value="ProxyInformation { proxyOption=NO_PROXY, proxyServerType=HTTP, username=, password=********, proxyServerAddress=, proxyServerPort=0, executionList=&quot;&quot;, isApplyToDesiredCapabilities=true }"/>
         <property name="platform" value="Mac OS X"/>
      </properties>
      <testcase name="Test Cases/TC_Chanel_Connexion" time="21.865" classname="Test Cases/TC_Chanel_Connexion" status="FAILED">
         <failure type="FAILED" message="Test Cases/TC_Chanel_Connexion FAILED.
Reason:
com.kms.katalon.core.exception.StepFailedException: Verify element text of test object 'Object Repository/ChanelOR/Page_Connexion  CHANEL/p_Votre adresse e-mail ou mot de passe sont_da6aea' FAILED.
	at com.kms.katalon.core.webui.keyword.internal.WebUIKeywordMain.stepFailed(WebUIKeywordMain.groovy:64)
	at com.kms.katalon.core.webui.keyword.internal.WebUIKeywordMain.runKeyword(WebUIKeywordMain.groovy:26)
	at com.kms.katalon.core.webui.keyword.builtin.VerifyElementTextKeyword.verifyElementText(VerifyElementTextKeyword.groovy:72)
	at com.kms.katalon.core.webui.keyword.builtin.VerifyElementTextKeyword.execute(VerifyElementTextKeyword.groovy:40)
	at com.kms.katalon.core.keyword.internal.KeywordExecutor.executeKeywordForPlatform(KeywordExecutor.groovy:73)
	at com.kms.katalon.core.webui.keyword.WebUiBuiltInKeywords.verifyElementText(WebUiBuiltInKeywords.groovy:4120)
	at com.kms.katalon.core.webui.keyword.WebUiBuiltInKeywords$verifyElementText$5.call(Unknown Source)
	at TC_Chanel_Connexion.run(TC_Chanel_Connexion:45)
	at com.kms.katalon.core.main.ScriptEngine.run(ScriptEngine.java:194)
	at com.kms.katalon.core.main.ScriptEngine.runScriptAsRawText(ScriptEngine.java:119)
	at com.kms.katalon.core.main.TestCaseExecutor.runScript(TestCaseExecutor.java:339)
	at com.kms.katalon.core.main.TestCaseExecutor.doExecute(TestCaseExecutor.java:330)
	at com.kms.katalon.core.main.TestCaseExecutor.processExecutionPhase(TestCaseExecutor.java:309)
	at com.kms.katalon.core.main.TestCaseExecutor.accessMainPhase(TestCaseExecutor.java:301)
	at com.kms.katalon.core.main.TestCaseExecutor.execute(TestCaseExecutor.java:235)
	at com.kms.katalon.core.main.TestSuiteExecutor.accessTestCaseMainPhase(TestSuiteExecutor.java:191)
	at com.kms.katalon.core.main.TestSuiteExecutor.accessTestSuiteMainPhase(TestSuiteExecutor.java:141)
	at com.kms.katalon.core.main.TestSuiteExecutor.execute(TestSuiteExecutor.java:90)
	at com.kms.katalon.core.main.TestCaseMain.startTestSuite(TestCaseMain.java:157)
	at com.kms.katalon.core.main.TestCaseMain$startTestSuite$0.call(Unknown Source)
	at TempTestSuite1605117559141.run(TempTestSuite1605117559141.groovy:39)
Caused by: com.kms.katalon.core.exception.StepFailedException: Actual text 'Pour vous connecter, veuillez confirmer que vous n’êtes pas un robot. Besoin d’aide ? Veuillez contacter notre Service client. Appelez le
01.58.37.68.00
ou utilisez nos services
e-mail
.' and expected text 'Votre adresse e-mail ou mot de passe sont incorrects. Veuillez réessayer ou réinitialiser votre mot de passe.' of test object 'Object Repository/ChanelOR/Page_Connexion  CHANEL/p_Votre adresse e-mail ou mot de passe sont_da6aea' are NOT matched.
	at com.kms.katalon.core.webui.keyword.internal.WebUIKeywordMain.stepFailed(WebUIKeywordMain.groovy:64)
	at com.kms.katalon.core.webui.keyword.builtin.VerifyElementTextKeyword$_verifyElementText_closure1.doCall(VerifyElementTextKeyword.groovy:57)
	at com.kms.katalon.core.webui.keyword.builtin.VerifyElementTextKeyword$_verifyElementText_closure1.call(VerifyElementTextKeyword.groovy)
	at com.kms.katalon.core.webui.keyword.internal.WebUIKeywordMain.runKeyword(WebUIKeywordMain.groovy:20)
	... 19 more
"/>
         <system-out><![CDATA[2020-11-11 18:59:28 - [TEST_CASE][FAILED] - Test Cases/TC_Chanel_Connexion: Test Cases/TC_Chanel_Connexion FAILED.
Reason:
com.kms.katalon.core.exception.StepFailedException: Verify element text of test object 'Object Repository/ChanelOR/Page_Connexion  CHANEL/p_Votre adresse e-mail ou mot de passe sont_da6aea' FAILED.
	at com.kms.katalon.core.webui.keyword.internal.WebUIKeywordMain.stepFailed(WebUIKeywordMain.groovy:64)
	at com.kms.katalon.core.webui.keyword.internal.WebUIKeywordMain.runKeyword(WebUIKeywordMain.groovy:26)
	at com.kms.katalon.core.webui.keyword.builtin.VerifyElementTextKeyword.verifyElementText(VerifyElementTextKeyword.groovy:72)
	at com.kms.katalon.core.webui.keyword.builtin.VerifyElementTextKeyword.execute(VerifyElementTextKeyword.groovy:40)
	at com.kms.katalon.core.keyword.internal.KeywordExecutor.executeKeywordForPlatform(KeywordExecutor.groovy:73)
	at com.kms.katalon.core.webui.keyword.WebUiBuiltInKeywords.verifyElementText(WebUiBuiltInKeywords.groovy:4120)
	at com.kms.katalon.core.webui.keyword.WebUiBuiltInKeywords$verifyElementText$5.call(Unknown Source)
	at TC_Chanel_Connexion.run(TC_Chanel_Connexion:45)
	at com.kms.katalon.core.main.ScriptEngine.run(ScriptEngine.java:194)
	at com.kms.katalon.core.main.ScriptEngine.runScriptAsRawText(ScriptEngine.java:119)
	at com.kms.katalon.core.main.TestCaseExecutor.runScript(TestCaseExecutor.java:339)
	at com.kms.katalon.core.main.TestCaseExecutor.doExecute(TestCaseExecutor.java:330)
	at com.kms.katalon.core.main.TestCaseExecutor.processExecutionPhase(TestCaseExecutor.java:309)
	at com.kms.katalon.core.main.TestCaseExecutor.accessMainPhase(TestCaseExecutor.java:301)
	at com.kms.katalon.core.main.TestCaseExecutor.execute(TestCaseExecutor.java:235)
	at com.kms.katalon.core.main.TestSuiteExecutor.accessTestCaseMainPhase(TestSuiteExecutor.java:191)
	at com.kms.katalon.core.main.TestSuiteExecutor.accessTestSuiteMainPhase(TestSuiteExecutor.java:141)
	at com.kms.katalon.core.main.TestSuiteExecutor.execute(TestSuiteExecutor.java:90)
	at com.kms.katalon.core.main.TestCaseMain.startTestSuite(TestCaseMain.java:157)
	at com.kms.katalon.core.main.TestCaseMain$startTestSuite$0.call(Unknown Source)
	at TempTestSuite1605117559141.run(TempTestSuite1605117559141.groovy:39)
Caused by: com.kms.katalon.core.exception.StepFailedException: Actual text 'Pour vous connecter, veuillez confirmer que vous n’êtes pas un robot. Besoin d’aide ? Veuillez contacter notre Service client. Appelez le
01.58.37.68.00
ou utilisez nos services
e-mail
.' and expected text 'Votre adresse e-mail ou mot de passe sont incorrects. Veuillez réessayer ou réinitialiser votre mot de passe.' of test object 'Object Repository/ChanelOR/Page_Connexion  CHANEL/p_Votre adresse e-mail ou mot de passe sont_da6aea' are NOT matched.
	at com.kms.katalon.core.webui.keyword.internal.WebUIKeywordMain.stepFailed(WebUIKeywordMain.groovy:64)
	at com.kms.katalon.core.webui.keyword.builtin.VerifyElementTextKeyword$_verifyElementText_closure1.doCall(VerifyElementTextKeyword.groovy:57)
	at com.kms.katalon.core.webui.keyword.builtin.VerifyElementTextKeyword$_verifyElementText_closure1.call(VerifyElementTextKeyword.groovy)
	at com.kms.katalon.core.webui.keyword.internal.WebUIKeywordMain.runKeyword(WebUIKeywordMain.groovy:20)
	... 19 more


2020-11-11 18:59:28 - [TEST_STEP][PASSED] - openBrowser(""): Browser is opened with url: ''

2020-11-11 18:59:28 - [MESSAGE][INFO] - Starting 'Chrome' driver

2020-11-11 18:59:28 - [MESSAGE][INFO] - Action delay is set to 0 milliseconds

2020-11-11 18:59:30 - [MESSAGE][PASSED] - Browser is opened with url: ''

2020-11-11 18:59:30 - [TEST_STEP][PASSED] - navigateToUrl("https://www.chanel.com/#languages"): Navigate to 'https://www.chanel.com/#languages' successfully

2020-11-11 18:59:33 - [MESSAGE][PASSED] - Navigate to 'https://www.chanel.com/#languages' successfully

2020-11-11 18:59:33 - [TEST_STEP][PASSED] - maximizeWindow(): Current window maximized

2020-11-11 18:59:33 - [MESSAGE][PASSED] - Current window maximized

2020-11-11 18:59:33 - [TEST_STEP][PASSED] - click(findTestObject("Object Repository/ChanelOR/Page_CHANEL Official Website/button_EUROPE")): Object: 'Object Repository/ChanelOR/Page_CHANEL Official Website/button_EUROPE' is clicked on

2020-11-11 18:59:34 - [MESSAGE][PASSED] - Object: 'Object Repository/ChanelOR/Page_CHANEL Official Website/button_EUROPE' is clicked on

2020-11-11 18:59:34 - [TEST_STEP][PASSED] - click(findTestObject("Object Repository/ChanelOR/Page_CHANEL Official Website/a_france")): Object: 'Object Repository/ChanelOR/Page_CHANEL Official Website/a_france' is clicked on

2020-11-11 18:59:37 - [MESSAGE][PASSED] - Object: 'Object Repository/ChanelOR/Page_CHANEL Official Website/a_france' is clicked on

2020-11-11 18:59:37 - [TEST_STEP][PASSED] - click(findTestObject("Object Repository/ChanelOR/Page_CHANEL Site Officiel  Mode, Parfum, Be_976de9/svg_Rechercher_icon is-large  is-account")): Object: 'Object Repository/ChanelOR/Page_CHANEL Site Officiel  Mode, Parfum, Be_976de9/svg_Rechercher_icon is-large  is-account' is clicked on

2020-11-11 18:59:41 - [MESSAGE][PASSED] - Object: 'Object Repository/ChanelOR/Page_CHANEL Site Officiel  Mode, Parfum, Be_976de9/svg_Rechercher_icon is-large  is-account' is clicked on

2020-11-11 18:59:41 - [TEST_STEP][PASSED] - click(findTestObject("ChanelOR/Page_CHANEL Official Website/Page_CHANEL Site Officiel  Mode, Parfum, Beaut, Horlogerie, Joaillerie  CHANEL/button_Autoriser tous les cookies")): Object: 'Object Repository/ChanelOR/Page_CHANEL Official Website/Page_CHANEL Site Officiel  Mode, Parfum, Beaut, Horlogerie, Joaillerie  CHANEL/button_Autoriser tous les cookies' is clicked on

2020-11-11 18:59:43 - [MESSAGE][PASSED] - Object: 'Object Repository/ChanelOR/Page_CHANEL Official Website/Page_CHANEL Site Officiel  Mode, Parfum, Beaut, Horlogerie, Joaillerie  CHANEL/button_Autoriser tous les cookies' is clicked on

2020-11-11 18:59:43 - [TEST_STEP][PASSED] - click(findTestObject("Object Repository/ChanelOR/Page_Crer un compte  CHANEL/a_Connexion")): Object: 'Object Repository/ChanelOR/Page_Crer un compte  CHANEL/a_Connexion' is clicked on

2020-11-11 18:59:45 - [MESSAGE][PASSED] - Object: 'Object Repository/ChanelOR/Page_Crer un compte  CHANEL/a_Connexion' is clicked on

2020-11-11 18:59:45 - [TEST_STEP][PASSED] - setText(findTestObject("Object Repository/ChanelOR/Page_Connexion  CHANEL/input_e-mail_username"), "trrr@gmail.com"): Text 'trrr@gmail.com' is set on object 'Object Repository/ChanelOR/Page_Connexion  CHANEL/input_e-mail_username'

2020-11-11 18:59:46 - [MESSAGE][PASSED] - Text 'trrr@gmail.com' is set on object 'Object Repository/ChanelOR/Page_Connexion  CHANEL/input_e-mail_username'

2020-11-11 18:59:46 - [TEST_STEP][PASSED] - click(findTestObject("ChanelOR/Page_Connexion  CHANEL/label_Mot de passe")): Object: 'Object Repository/ChanelOR/Page_Connexion  CHANEL/label_Mot de passe' is clicked on

2020-11-11 18:59:47 - [MESSAGE][PASSED] - Object: 'Object Repository/ChanelOR/Page_Connexion  CHANEL/label_Mot de passe' is clicked on

2020-11-11 18:59:47 - [TEST_STEP][PASSED] - setEncryptedText(findTestObject("Object Repository/ChanelOR/Page_Connexion  CHANEL/input_Mot de passe_password"), "RigbBhfdqOD+04WBHw5iKw=="): Text ****** has been set on object 'Object Repository/ChanelOR/Page_Connexion  CHANEL/input_Mot de passe_password'

2020-11-11 18:59:48 - [MESSAGE][PASSED] - Text ****** has been set on object 'Object Repository/ChanelOR/Page_Connexion  CHANEL/input_Mot de passe_password'

2020-11-11 18:59:48 - [TEST_STEP][PASSED] - click(findTestObject("Object Repository/ChanelOR/Page_Connexion  CHANEL/span_Connexion")): Object: 'Object Repository/ChanelOR/Page_Connexion  CHANEL/span_Connexion' is clicked on

2020-11-11 18:59:48 - [MESSAGE][PASSED] - Object: 'Object Repository/ChanelOR/Page_Connexion  CHANEL/span_Connexion' is clicked on

2020-11-11 18:59:48 - [TEST_STEP][FAILED] - verifyElementText(findTestObject("Object Repository/ChanelOR/Page_Connexion  CHANEL/p_Votre adresse e-mail ou mot de passe sont_da6aea"), "Votre adresse e-mail ou mot de passe sont incorrects. Veuillez réessayer ou réinitialiser votre mot de passe."): Verify element text of test object 'Object Repository/ChanelOR/Page_Connexion  CHANEL/p_Votre adresse e-mail ou mot de passe sont_da6aea' FAILED. (Root cause: com.kms.katalon.core.exception.StepFailedException: Verify element text of test object 'Object Repository/ChanelOR/Page_Connexion  CHANEL/p_Votre adresse e-mail ou mot de passe sont_da6aea' FAILED.
	at com.kms.katalon.core.webui.keyword.internal.WebUIKeywordMain.stepFailed(WebUIKeywordMain.groovy:64)
	at com.kms.katalon.core.webui.keyword.internal.WebUIKeywordMain.runKeyword(WebUIKeywordMain.groovy:26)
	at com.kms.katalon.core.webui.keyword.builtin.VerifyElementTextKeyword.verifyElementText(VerifyElementTextKeyword.groovy:72)
	at com.kms.katalon.core.webui.keyword.builtin.VerifyElementTextKeyword.execute(VerifyElementTextKeyword.groovy:40)
	at com.kms.katalon.core.keyword.internal.KeywordExecutor.executeKeywordForPlatform(KeywordExecutor.groovy:73)
	at com.kms.katalon.core.webui.keyword.WebUiBuiltInKeywords.verifyElementText(WebUiBuiltInKeywords.groovy:4120)
	at com.kms.katalon.core.webui.keyword.WebUiBuiltInKeywords$verifyElementText$5.call(Unknown Source)
	at TC_Chanel_Connexion.run(TC_Chanel_Connexion:45)
	at com.kms.katalon.core.main.ScriptEngine.run(ScriptEngine.java:194)
	at com.kms.katalon.core.main.ScriptEngine.runScriptAsRawText(ScriptEngine.java:119)
	at com.kms.katalon.core.main.TestCaseExecutor.runScript(TestCaseExecutor.java:339)
	at com.kms.katalon.core.main.TestCaseExecutor.doExecute(TestCaseExecutor.java:330)
	at com.kms.katalon.core.main.TestCaseExecutor.processExecutionPhase(TestCaseExecutor.java:309)
	at com.kms.katalon.core.main.TestCaseExecutor.accessMainPhase(TestCaseExecutor.java:301)
	at com.kms.katalon.core.main.TestCaseExecutor.execute(TestCaseExecutor.java:235)
	at com.kms.katalon.core.main.TestSuiteExecutor.accessTestCaseMainPhase(TestSuiteExecutor.java:191)
	at com.kms.katalon.core.main.TestSuiteExecutor.accessTestSuiteMainPhase(TestSuiteExecutor.java:141)
	at com.kms.katalon.core.main.TestSuiteExecutor.execute(TestSuiteExecutor.java:90)
	at com.kms.katalon.core.main.TestCaseMain.startTestSuite(TestCaseMain.java:157)
	at com.kms.katalon.core.main.TestCaseMain$startTestSuite$0.call(Unknown Source)
	at TempTestSuite1605117559141.run(TempTestSuite1605117559141.groovy:39)
Caused by: com.kms.katalon.core.exception.StepFailedException: Actual text 'Pour vous connecter, veuillez confirmer que vous n’êtes pas un robot. Besoin d’aide ? Veuillez contacter notre Service client. Appelez le
01.58.37.68.00
ou utilisez nos services
e-mail
.' and expected text 'Votre adresse e-mail ou mot de passe sont incorrects. Veuillez réessayer ou réinitialiser votre mot de passe.' of test object 'Object Repository/ChanelOR/Page_Connexion  CHANEL/p_Votre adresse e-mail ou mot de passe sont_da6aea' are NOT matched.
	at com.kms.katalon.core.webui.keyword.internal.WebUIKeywordMain.stepFailed(WebUIKeywordMain.groovy:64)
	at com.kms.katalon.core.webui.keyword.builtin.VerifyElementTextKeyword$_verifyElementText_closure1.doCall(VerifyElementTextKeyword.groovy:57)
	at com.kms.katalon.core.webui.keyword.builtin.VerifyElementTextKeyword$_verifyElementText_closure1.call(VerifyElementTextKeyword.groovy)
	at com.kms.katalon.core.webui.keyword.internal.WebUIKeywordMain.runKeyword(WebUIKeywordMain.groovy:20)
	... 19 more
)

2020-11-11 18:59:49 - [MESSAGE][FAILED] - Actual text 'Pour vous connecter, veuillez confirmer que vous n’êtes pas un robot. Besoin d’aide ? Veuillez contacter notre Service client. Appelez le
01.58.37.68.00
ou utilisez nos services
e-mail
.' and expected text 'Votre adresse e-mail ou mot de passe sont incorrects. Veuillez réessayer ou réinitialiser votre mot de passe.' of test object 'Object Repository/ChanelOR/Page_Connexion  CHANEL/p_Votre adresse e-mail ou mot de passe sont_da6aea' are NOT matched. (Root cause: com.kms.katalon.core.exception.StepFailedException: Actual text 'Pour vous connecter, veuillez confirmer que vous n’êtes pas un robot. Besoin d’aide ? Veuillez contacter notre Service client. Appelez le
01.58.37.68.00
ou utilisez nos services
e-mail
.' and expected text 'Votre adresse e-mail ou mot de passe sont incorrects. Veuillez réessayer ou réinitialiser votre mot de passe.' of test object 'Object Repository/ChanelOR/Page_Connexion  CHANEL/p_Votre adresse e-mail ou mot de passe sont_da6aea' are NOT matched.
	at com.kms.katalon.core.webui.keyword.internal.WebUIKeywordMain.stepFailed(WebUIKeywordMain.groovy:64)
	at com.kms.katalon.core.webui.keyword.builtin.VerifyElementTextKeyword$_verifyElementText_closure1.doCall(VerifyElementTextKeyword.groovy:57)
	at com.kms.katalon.core.webui.keyword.builtin.VerifyElementTextKeyword$_verifyElementText_closure1.call(VerifyElementTextKeyword.groovy)
	at com.kms.katalon.core.webui.keyword.internal.WebUIKeywordMain.runKeyword(WebUIKeywordMain.groovy:20)
	at com.kms.katalon.core.webui.keyword.builtin.VerifyElementTextKeyword.verifyElementText(VerifyElementTextKeyword.groovy:72)
	at com.kms.katalon.core.webui.keyword.builtin.VerifyElementTextKeyword.execute(VerifyElementTextKeyword.groovy:40)
	at com.kms.katalon.core.keyword.internal.KeywordExecutor.executeKeywordForPlatform(KeywordExecutor.groovy:73)
	at com.kms.katalon.core.webui.keyword.WebUiBuiltInKeywords.verifyElementText(WebUiBuiltInKeywords.groovy:4120)
	at com.kms.katalon.core.webui.keyword.WebUiBuiltInKeywords$verifyElementText$5.call(Unknown Source)
	at TC_Chanel_Connexion.run(TC_Chanel_Connexion:45)
	at com.kms.katalon.core.main.ScriptEngine.run(ScriptEngine.java:194)
	at com.kms.katalon.core.main.ScriptEngine.runScriptAsRawText(ScriptEngine.java:119)
	at com.kms.katalon.core.main.TestCaseExecutor.runScript(TestCaseExecutor.java:339)
	at com.kms.katalon.core.main.TestCaseExecutor.doExecute(TestCaseExecutor.java:330)
	at com.kms.katalon.core.main.TestCaseExecutor.processExecutionPhase(TestCaseExecutor.java:309)
	at com.kms.katalon.core.main.TestCaseExecutor.accessMainPhase(TestCaseExecutor.java:301)
	at com.kms.katalon.core.main.TestCaseExecutor.execute(TestCaseExecutor.java:235)
	at com.kms.katalon.core.main.TestSuiteExecutor.accessTestCaseMainPhase(TestSuiteExecutor.java:191)
	at com.kms.katalon.core.main.TestSuiteExecutor.accessTestSuiteMainPhase(TestSuiteExecutor.java:141)
	at com.kms.katalon.core.main.TestSuiteExecutor.execute(TestSuiteExecutor.java:90)
	at com.kms.katalon.core.main.TestCaseMain.startTestSuite(TestCaseMain.java:157)
	at com.kms.katalon.core.main.TestCaseMain$startTestSuite$0.call(Unknown Source)
	at TempTestSuite1605117559141.run(TempTestSuite1605117559141.groovy:39)
)
[[ATTACHMENT|/Users/pro/Sou/KatalonStudioProjects/TutoKatalon/Reports/20201111_185916/TS_Chanel_Connexion/20201111_185919/1605117589339.png]]

2020-11-11 18:59:50 - [MESSAGE][FAILED] - Verify element text of test object 'Object Repository/ChanelOR/Page_Connexion  CHANEL/p_Votre adresse e-mail ou mot de passe sont_da6aea' FAILED. (Root cause: com.kms.katalon.core.exception.StepFailedException: Verify element text of test object 'Object Repository/ChanelOR/Page_Connexion  CHANEL/p_Votre adresse e-mail ou mot de passe sont_da6aea' FAILED.
	at com.kms.katalon.core.webui.keyword.internal.WebUIKeywordMain.stepFailed(WebUIKeywordMain.groovy:64)
	at com.kms.katalon.core.webui.keyword.internal.WebUIKeywordMain.runKeyword(WebUIKeywordMain.groovy:26)
	at com.kms.katalon.core.webui.keyword.builtin.VerifyElementTextKeyword.verifyElementText(VerifyElementTextKeyword.groovy:72)
	at com.kms.katalon.core.webui.keyword.builtin.VerifyElementTextKeyword.execute(VerifyElementTextKeyword.groovy:40)
	at com.kms.katalon.core.keyword.internal.KeywordExecutor.executeKeywordForPlatform(KeywordExecutor.groovy:73)
	at com.kms.katalon.core.webui.keyword.WebUiBuiltInKeywords.verifyElementText(WebUiBuiltInKeywords.groovy:4120)
	at com.kms.katalon.core.webui.keyword.WebUiBuiltInKeywords$verifyElementText$5.call(Unknown Source)
	at TC_Chanel_Connexion.run(TC_Chanel_Connexion:45)
	at com.kms.katalon.core.main.ScriptEngine.run(ScriptEngine.java:194)
	at com.kms.katalon.core.main.ScriptEngine.runScriptAsRawText(ScriptEngine.java:119)
	at com.kms.katalon.core.main.TestCaseExecutor.runScript(TestCaseExecutor.java:339)
	at com.kms.katalon.core.main.TestCaseExecutor.doExecute(TestCaseExecutor.java:330)
	at com.kms.katalon.core.main.TestCaseExecutor.processExecutionPhase(TestCaseExecutor.java:309)
	at com.kms.katalon.core.main.TestCaseExecutor.accessMainPhase(TestCaseExecutor.java:301)
	at com.kms.katalon.core.main.TestCaseExecutor.execute(TestCaseExecutor.java:235)
	at com.kms.katalon.core.main.TestSuiteExecutor.accessTestCaseMainPhase(TestSuiteExecutor.java:191)
	at com.kms.katalon.core.main.TestSuiteExecutor.accessTestSuiteMainPhase(TestSuiteExecutor.java:141)
	at com.kms.katalon.core.main.TestSuiteExecutor.execute(TestSuiteExecutor.java:90)
	at com.kms.katalon.core.main.TestCaseMain.startTestSuite(TestCaseMain.java:157)
	at com.kms.katalon.core.main.TestCaseMain$startTestSuite$0.call(Unknown Source)
	at TempTestSuite1605117559141.run(TempTestSuite1605117559141.groovy:39)
Caused by: com.kms.katalon.core.exception.StepFailedException: Actual text 'Pour vous connecter, veuillez confirmer que vous n’êtes pas un robot. Besoin d’aide ? Veuillez contacter notre Service client. Appelez le
01.58.37.68.00
ou utilisez nos services
e-mail
.' and expected text 'Votre adresse e-mail ou mot de passe sont incorrects. Veuillez réessayer ou réinitialiser votre mot de passe.' of test object 'Object Repository/ChanelOR/Page_Connexion  CHANEL/p_Votre adresse e-mail ou mot de passe sont_da6aea' are NOT matched.
	at com.kms.katalon.core.webui.keyword.internal.WebUIKeywordMain.stepFailed(WebUIKeywordMain.groovy:64)
	at com.kms.katalon.core.webui.keyword.builtin.VerifyElementTextKeyword$_verifyElementText_closure1.doCall(VerifyElementTextKeyword.groovy:57)
	at com.kms.katalon.core.webui.keyword.builtin.VerifyElementTextKeyword$_verifyElementText_closure1.call(VerifyElementTextKeyword.groovy)
	at com.kms.katalon.core.webui.keyword.internal.WebUIKeywordMain.runKeyword(WebUIKeywordMain.groovy:20)
	... 19 more
)
[[ATTACHMENT|/Users/pro/Sou/KatalonStudioProjects/TutoKatalon/Reports/20201111_185916/TS_Chanel_Connexion/20201111_185919/1605117589841.png]]]]></system-out>
         <system-err><![CDATA[2020-11-11 18:59:28 - [TEST_CASE][FAILED] - Test Cases/TC_Chanel_Connexion: Test Cases/TC_Chanel_Connexion FAILED.
Reason:
com.kms.katalon.core.exception.StepFailedException: Verify element text of test object 'Object Repository/ChanelOR/Page_Connexion  CHANEL/p_Votre adresse e-mail ou mot de passe sont_da6aea' FAILED.
	at com.kms.katalon.core.webui.keyword.internal.WebUIKeywordMain.stepFailed(WebUIKeywordMain.groovy:64)
	at com.kms.katalon.core.webui.keyword.internal.WebUIKeywordMain.runKeyword(WebUIKeywordMain.groovy:26)
	at com.kms.katalon.core.webui.keyword.builtin.VerifyElementTextKeyword.verifyElementText(VerifyElementTextKeyword.groovy:72)
	at com.kms.katalon.core.webui.keyword.builtin.VerifyElementTextKeyword.execute(VerifyElementTextKeyword.groovy:40)
	at com.kms.katalon.core.keyword.internal.KeywordExecutor.executeKeywordForPlatform(KeywordExecutor.groovy:73)
	at com.kms.katalon.core.webui.keyword.WebUiBuiltInKeywords.verifyElementText(WebUiBuiltInKeywords.groovy:4120)
	at com.kms.katalon.core.webui.keyword.WebUiBuiltInKeywords$verifyElementText$5.call(Unknown Source)
	at TC_Chanel_Connexion.run(TC_Chanel_Connexion:45)
	at com.kms.katalon.core.main.ScriptEngine.run(ScriptEngine.java:194)
	at com.kms.katalon.core.main.ScriptEngine.runScriptAsRawText(ScriptEngine.java:119)
	at com.kms.katalon.core.main.TestCaseExecutor.runScript(TestCaseExecutor.java:339)
	at com.kms.katalon.core.main.TestCaseExecutor.doExecute(TestCaseExecutor.java:330)
	at com.kms.katalon.core.main.TestCaseExecutor.processExecutionPhase(TestCaseExecutor.java:309)
	at com.kms.katalon.core.main.TestCaseExecutor.accessMainPhase(TestCaseExecutor.java:301)
	at com.kms.katalon.core.main.TestCaseExecutor.execute(TestCaseExecutor.java:235)
	at com.kms.katalon.core.main.TestSuiteExecutor.accessTestCaseMainPhase(TestSuiteExecutor.java:191)
	at com.kms.katalon.core.main.TestSuiteExecutor.accessTestSuiteMainPhase(TestSuiteExecutor.java:141)
	at com.kms.katalon.core.main.TestSuiteExecutor.execute(TestSuiteExecutor.java:90)
	at com.kms.katalon.core.main.TestCaseMain.startTestSuite(TestCaseMain.java:157)
	at com.kms.katalon.core.main.TestCaseMain$startTestSuite$0.call(Unknown Source)
	at TempTestSuite1605117559141.run(TempTestSuite1605117559141.groovy:39)
Caused by: com.kms.katalon.core.exception.StepFailedException: Actual text 'Pour vous connecter, veuillez confirmer que vous n’êtes pas un robot. Besoin d’aide ? Veuillez contacter notre Service client. Appelez le
01.58.37.68.00
ou utilisez nos services
e-mail
.' and expected text 'Votre adresse e-mail ou mot de passe sont incorrects. Veuillez réessayer ou réinitialiser votre mot de passe.' of test object 'Object Repository/ChanelOR/Page_Connexion  CHANEL/p_Votre adresse e-mail ou mot de passe sont_da6aea' are NOT matched.
	at com.kms.katalon.core.webui.keyword.internal.WebUIKeywordMain.stepFailed(WebUIKeywordMain.groovy:64)
	at com.kms.katalon.core.webui.keyword.builtin.VerifyElementTextKeyword$_verifyElementText_closure1.doCall(VerifyElementTextKeyword.groovy:57)
	at com.kms.katalon.core.webui.keyword.builtin.VerifyElementTextKeyword$_verifyElementText_closure1.call(VerifyElementTextKeyword.groovy)
	at com.kms.katalon.core.webui.keyword.internal.WebUIKeywordMain.runKeyword(WebUIKeywordMain.groovy:20)
	... 19 more]]></system-err>
      </testcase>
      <system-out><![CDATA[2020-11-11 18:59:28 - [TEST_SUITE][FAILED] - TS_Chanel_Connexion: Test Cases/TC_Chanel_Connexion FAILED.
Reason:
com.kms.katalon.core.exception.StepFailedException: Verify element text of test object 'Object Repository/ChanelOR/Page_Connexion  CHANEL/p_Votre adresse e-mail ou mot de passe sont_da6aea' FAILED.
	at com.kms.katalon.core.webui.keyword.internal.WebUIKeywordMain.stepFailed(WebUIKeywordMain.groovy:64)
	at com.kms.katalon.core.webui.keyword.internal.WebUIKeywordMain.runKeyword(WebUIKeywordMain.groovy:26)
	at com.kms.katalon.core.webui.keyword.builtin.VerifyElementTextKeyword.verifyElementText(VerifyElementTextKeyword.groovy:72)
	at com.kms.katalon.core.webui.keyword.builtin.VerifyElementTextKeyword.execute(VerifyElementTextKeyword.groovy:40)
	at com.kms.katalon.core.keyword.internal.KeywordExecutor.executeKeywordForPlatform(KeywordExecutor.groovy:73)
	at com.kms.katalon.core.webui.keyword.WebUiBuiltInKeywords.verifyElementText(WebUiBuiltInKeywords.groovy:4120)
	at com.kms.katalon.core.webui.keyword.WebUiBuiltInKeywords$verifyElementText$5.call(Unknown Source)
	at TC_Chanel_Connexion.run(TC_Chanel_Connexion:45)
	at com.kms.katalon.core.main.ScriptEngine.run(ScriptEngine.java:194)
	at com.kms.katalon.core.main.ScriptEngine.runScriptAsRawText(ScriptEngine.java:119)
	at com.kms.katalon.core.main.TestCaseExecutor.runScript(TestCaseExecutor.java:339)
	at com.kms.katalon.core.main.TestCaseExecutor.doExecute(TestCaseExecutor.java:330)
	at com.kms.katalon.core.main.TestCaseExecutor.processExecutionPhase(TestCaseExecutor.java:309)
	at com.kms.katalon.core.main.TestCaseExecutor.accessMainPhase(TestCaseExecutor.java:301)
	at com.kms.katalon.core.main.TestCaseExecutor.execute(TestCaseExecutor.java:235)
	at com.kms.katalon.core.main.TestSuiteExecutor.accessTestCaseMainPhase(TestSuiteExecutor.java:191)
	at com.kms.katalon.core.main.TestSuiteExecutor.accessTestSuiteMainPhase(TestSuiteExecutor.java:141)
	at com.kms.katalon.core.main.TestSuiteExecutor.execute(TestSuiteExecutor.java:90)
	at com.kms.katalon.core.main.TestCaseMain.startTestSuite(TestCaseMain.java:157)
	at com.kms.katalon.core.main.TestCaseMain$startTestSuite$0.call(Unknown Source)
	at TempTestSuite1605117559141.run(TempTestSuite1605117559141.groovy:39)
Caused by: com.kms.katalon.core.exception.StepFailedException: Actual text 'Pour vous connecter, veuillez confirmer que vous n’êtes pas un robot. Besoin d’aide ? Veuillez contacter notre Service client. Appelez le
01.58.37.68.00
ou utilisez nos services
e-mail
.' and expected text 'Votre adresse e-mail ou mot de passe sont incorrects. Veuillez réessayer ou réinitialiser votre mot de passe.' of test object 'Object Repository/ChanelOR/Page_Connexion  CHANEL/p_Votre adresse e-mail ou mot de passe sont_da6aea' are NOT matched.
	at com.kms.katalon.core.webui.keyword.internal.WebUIKeywordMain.stepFailed(WebUIKeywordMain.groovy:64)
	at com.kms.katalon.core.webui.keyword.builtin.VerifyElementTextKeyword$_verifyElementText_closure1.doCall(VerifyElementTextKeyword.groovy:57)
	at com.kms.katalon.core.webui.keyword.builtin.VerifyElementTextKeyword$_verifyElementText_closure1.call(VerifyElementTextKeyword.groovy)
	at com.kms.katalon.core.webui.keyword.internal.WebUIKeywordMain.runKeyword(WebUIKeywordMain.groovy:20)
	... 19 more]]></system-out>
      <system-err><![CDATA[2020-11-11 18:59:28 - [TEST_SUITE][FAILED] - TS_Chanel_Connexion: Test Cases/TC_Chanel_Connexion FAILED.
Reason:
com.kms.katalon.core.exception.StepFailedException: Verify element text of test object 'Object Repository/ChanelOR/Page_Connexion  CHANEL/p_Votre adresse e-mail ou mot de passe sont_da6aea' FAILED.
	at com.kms.katalon.core.webui.keyword.internal.WebUIKeywordMain.stepFailed(WebUIKeywordMain.groovy:64)
	at com.kms.katalon.core.webui.keyword.internal.WebUIKeywordMain.runKeyword(WebUIKeywordMain.groovy:26)
	at com.kms.katalon.core.webui.keyword.builtin.VerifyElementTextKeyword.verifyElementText(VerifyElementTextKeyword.groovy:72)
	at com.kms.katalon.core.webui.keyword.builtin.VerifyElementTextKeyword.execute(VerifyElementTextKeyword.groovy:40)
	at com.kms.katalon.core.keyword.internal.KeywordExecutor.executeKeywordForPlatform(KeywordExecutor.groovy:73)
	at com.kms.katalon.core.webui.keyword.WebUiBuiltInKeywords.verifyElementText(WebUiBuiltInKeywords.groovy:4120)
	at com.kms.katalon.core.webui.keyword.WebUiBuiltInKeywords$verifyElementText$5.call(Unknown Source)
	at TC_Chanel_Connexion.run(TC_Chanel_Connexion:45)
	at com.kms.katalon.core.main.ScriptEngine.run(ScriptEngine.java:194)
	at com.kms.katalon.core.main.ScriptEngine.runScriptAsRawText(ScriptEngine.java:119)
	at com.kms.katalon.core.main.TestCaseExecutor.runScript(TestCaseExecutor.java:339)
	at com.kms.katalon.core.main.TestCaseExecutor.doExecute(TestCaseExecutor.java:330)
	at com.kms.katalon.core.main.TestCaseExecutor.processExecutionPhase(TestCaseExecutor.java:309)
	at com.kms.katalon.core.main.TestCaseExecutor.accessMainPhase(TestCaseExecutor.java:301)
	at com.kms.katalon.core.main.TestCaseExecutor.execute(TestCaseExecutor.java:235)
	at com.kms.katalon.core.main.TestSuiteExecutor.accessTestCaseMainPhase(TestSuiteExecutor.java:191)
	at com.kms.katalon.core.main.TestSuiteExecutor.accessTestSuiteMainPhase(TestSuiteExecutor.java:141)
	at com.kms.katalon.core.main.TestSuiteExecutor.execute(TestSuiteExecutor.java:90)
	at com.kms.katalon.core.main.TestCaseMain.startTestSuite(TestCaseMain.java:157)
	at com.kms.katalon.core.main.TestCaseMain$startTestSuite$0.call(Unknown Source)
	at TempTestSuite1605117559141.run(TempTestSuite1605117559141.groovy:39)
Caused by: com.kms.katalon.core.exception.StepFailedException: Actual text 'Pour vous connecter, veuillez confirmer que vous n’êtes pas un robot. Besoin d’aide ? Veuillez contacter notre Service client. Appelez le
01.58.37.68.00
ou utilisez nos services
e-mail
.' and expected text 'Votre adresse e-mail ou mot de passe sont incorrects. Veuillez réessayer ou réinitialiser votre mot de passe.' of test object 'Object Repository/ChanelOR/Page_Connexion  CHANEL/p_Votre adresse e-mail ou mot de passe sont_da6aea' are NOT matched.
	at com.kms.katalon.core.webui.keyword.internal.WebUIKeywordMain.stepFailed(WebUIKeywordMain.groovy:64)
	at com.kms.katalon.core.webui.keyword.builtin.VerifyElementTextKeyword$_verifyElementText_closure1.doCall(VerifyElementTextKeyword.groovy:57)
	at com.kms.katalon.core.webui.keyword.builtin.VerifyElementTextKeyword$_verifyElementText_closure1.call(VerifyElementTextKeyword.groovy)
	at com.kms.katalon.core.webui.keyword.internal.WebUIKeywordMain.runKeyword(WebUIKeywordMain.groovy:20)
	... 19 more]]></system-err>
   </testsuite>
</testsuites>
